<?xml version="1.0" encoding="utf-8"?><testsuites><testsuite name="pytest" errors="0" failures="0" skipped="0" tests="0" time="0.006" timestamp="2024-06-21T11:35:01.500011" hostname="yh2020s-Mini.fios-router.home" /></testsuites>