<?xml version="1.0" encoding="utf-8"?><testsuites><testsuite name="pytest" errors="0" failures="0" skipped="0" tests="30" time="6.128" timestamp="2024-07-09T22:24:26.820801" hostname="fv-az523-752"><testcase classname="tests.test_cdt.TestCdt" name="test_diff_2cols_in_1df_invalid_input" time="0.002" /><testcase classname="tests.test_cdt.TestCdt" name="test_diff_2cols_in_1df_missing_column" time="0.001" /><testcase classname="tests.test_cdt.TestCdt" name="test_diff_2cols_in_1df_with_difference" time="0.005" /><testcase classname="tests.test_cdt.TestCdt" name="test_diff_2cols_in_1df_without_difference" time="0.002" /><testcase classname="tests.test_cdt.TestCdt" name="test_diff_2cols_in_2df_with_existing_column" time="0.009" /><testcase classname="tests.test_cdt.TestCdt" name="test_diff_2cols_in_2df_with_non_existing_column" time="0.001" /><testcase classname="tests.test_cdt.TestCdt" name="test_diff_2cols_in_2df_with_non_existing_group" time="0.001" /><testcase classname="tests.test_cdt.TestCdt" name="test_diff_2cols_in_2df_with_same_group_and_column" time="0.001" /><testcase classname="tests.test_emt.TestEmt" name="test_expected_file_lists" time="0.004" /><testcase classname="tests.test_emt.TestEmt" name="test_find_files" time="0.005" /><testcase classname="tests.test_emt.TestEmt" name="test_find_hlgt" time="0.004" /><testcase classname="tests.test_emt.TestEmt" name="test_find_hlt" time="0.004" /><testcase classname="tests.test_emt.TestEmt" name="test_find_llt" time="0.007" /><testcase classname="tests.test_emt.TestEmt" name="test_find_pt" time="0.004" /><testcase classname="tests.test_emt.TestEmt" name="test_find_pt_given_soc" time="0.006" /><testcase classname="tests.test_emt.TestEmt" name="test_find_pt_given_soc_primary_only" time="0.006" /><testcase classname="tests.test_emt.TestEmt" name="test_find_soc" time="0.004" /><testcase classname="tests.test_emt.TestEmt" name="test_list_files" time="0.026" /><testcase classname="tests.test_lsr.TestLsrTree" name="test_list_files_dataframe" time="0.001" /><testcase classname="tests.test_lsr.TestLsrTree" name="test_list_files_json" time="0.001" /><testcase classname="tests.test_lsr.TestLsrTree" name="test_list_files_list" time="0.000" /><testcase classname="tests.test_lsr.TestLsrTree" name="test_list_files_string" time="0.000" /><testcase classname="tests.test_lsr.TestLsrTree" name="test_list_files_tree" time="0.013" /><testcase classname="tests.test_lsr.TestLsrTree" name="test_list_files_tree2" time="0.008" /><testcase classname="tests.test_statlab_corr.TestCorrCalculator" name="test_calculate_kendall_tau_with_dataframe" time="0.002" /><testcase classname="tests.test_statlab_corr.TestCorrCalculator" name="test_calculate_kendall_tau_with_list" time="0.002" /><testcase classname="tests.test_statlab_corr.TestCorrCalculator" name="test_plot_y_list" time="0.017" /><testcase classname="tests.test_statlab_kappa.TestKappaCalculator" name="test_bootstrap_cohen_ci" time="0.227" /><testcase classname="tests.test_statlab_kappa.TestKappaCalculator" name="test_cohen" time="0.067" /><testcase classname="tests.test_statlab_kappa.TestKappaCalculator" name="test_fleiss_kappa" time="0.066" /></testsuite></testsuites>